<?xml version="1.0" encoding="UTF-8"?>
<!-- Generated by org.testng.reporters.JUnitXMLReporter -->
<testsuite hostname="DESKTOP-3VL6LHC" ignored="0" name="Test" tests="3" failures="0" timestamp="2021-11-14T18:37:30 IST" time="47.189" errors="0">
  <testcase name="runCreateLead" time="6.798" classname="testcase.CreateLead"/>
  <testcase name="runCreateLead" time="6.689" classname="testcase.CreateLead"/>
  <testcase name="runCreateLead" time="6.377" classname="testcase.CreateLead"/>
</testsuite> <!-- Test -->
