<?xml version="1.0" encoding="UTF-8"?>
<!-- Generated by org.testng.reporters.JUnitXMLReporter -->
<testsuite hostname="DESKTOP-3VL6LHC" ignored="0" name="Default test" tests="3" failures="0" timestamp="2021-11-14T17:59:58 IST" time="36.725" errors="0">
  <testcase name="runCreateLead" time="6.592" classname="testcase.CreateLead"/>
  <testcase name="runCreateLead" time="5.549" classname="testcase.CreateLead"/>
  <testcase name="runCreateLead" time="5.65" classname="testcase.CreateLead"/>
</testsuite> <!-- Default test -->
